<?xml version="1.0" encoding="UTF-8"?>
<testsuite name="pt.up.fe.comp.cpf.Cpf3_Ollir" tests="14" skipped="0" failures="2" errors="0" timestamp="2024-06-17T17:05:24" hostname="MacBook-Pro-de-Joao.local" time="0.291">
  <properties/>
  <testcase name="section4_Arrays_Load_ComplexArrayAccess" classname="pt.up.fe.comp.cpf.Cpf3_Ollir" time="0.039"/>
  <testcase name="section3_ControlFlow_While_Simple" classname="pt.up.fe.comp.cpf.Cpf3_Ollir" time="0.017"/>
  <testcase name="section4_Arrays_VarargsAndArrayInit" classname="pt.up.fe.comp.cpf.Cpf3_Ollir" time="0.027">
    <failure message="java.lang.AssertionError: Expected two argument in call to 'foo'&#10;&#10;OLLIR code:&#10;import io;&#10;VarargsAndArrayInit extends Object {&#10;&#10;&#10;&#10;.method public static main(args.array.String).V {&#10;temp24.VarargsAndArrayInit :=.VarargsAndArrayInit new(VarargsAndArrayInit).VarargsAndArrayInit;&#10;invokespecial(temp24.VarargsAndArrayInit, &quot;&lt;init&gt;&quot;).V;&#10;a.VarargsAndArrayInit :=.VarargsAndArrayInit temp24.VarargsAndArrayInit;&#10;temp25.i32 :=.i32 invokevirtual(a.VarargsAndArrayInit, &quot;bar&quot;).i32;&#10;invokestatic(io, &quot;print&quot;, temp25.i32).V;&#10;ret.V;&#10;}&#10;&#10;.method foo(ar.i32, a.i32).i32 {&#10;temp26.i32 :=.i32 arraylength(ar.array.i32).i32;&#10;temp27.i32 :=.i32 arraylength(a.array.i32).i32;&#10;temp28.i32 :=.i32 temp26.i32 +.i32 temp27.i32;&#10;ret.i32 temp28.i32;&#10;}&#10;&#10;.method bar().i32 {&#10;temp30.i32 :=.i32 invokevirtual(this.VarargsAndArrayInit, &quot;foo&quot;, __varargs_array_0.array.i32, 4.i32, 5.i32, 6.i32, 7.i32, 8.i32).i32;&#10;res.i32 :=.i32 temp30.i32;&#10;ret.i32 res.i32;&#10;}&#10;&#10;.construct VarargsAndArrayInit().V {&#10;invokespecial(this, &quot;&lt;init&gt;&quot;).V;&#10;}&#10;}&#10;&#10;&#10;No reports&#10;&#10;" type="java.lang.AssertionError">java.lang.AssertionError: Expected two argument in call to 'foo'

OLLIR code:
import io;
VarargsAndArrayInit extends Object {



.method public static main(args.array.String).V {
temp24.VarargsAndArrayInit :=.VarargsAndArrayInit new(VarargsAndArrayInit).VarargsAndArrayInit;
invokespecial(temp24.VarargsAndArrayInit, &quot;&lt;init&gt;&quot;).V;
a.VarargsAndArrayInit :=.VarargsAndArrayInit temp24.VarargsAndArrayInit;
temp25.i32 :=.i32 invokevirtual(a.VarargsAndArrayInit, &quot;bar&quot;).i32;
invokestatic(io, &quot;print&quot;, temp25.i32).V;
ret.V;
}

.method foo(ar.i32, a.i32).i32 {
temp26.i32 :=.i32 arraylength(ar.array.i32).i32;
temp27.i32 :=.i32 arraylength(a.array.i32).i32;
temp28.i32 :=.i32 temp26.i32 +.i32 temp27.i32;
ret.i32 temp28.i32;
}

.method bar().i32 {
temp30.i32 :=.i32 invokevirtual(this.VarargsAndArrayInit, &quot;foo&quot;, __varargs_array_0.array.i32, 4.i32, 5.i32, 6.i32, 7.i32, 8.i32).i32;
res.i32 :=.i32 temp30.i32;
ret.i32 res.i32;
}

.construct VarargsAndArrayInit().V {
invokespecial(this, &quot;&lt;init&gt;&quot;).V;
}
}


No reports


	at org.junit.Assert.fail(Assert.java:88)
	at org.junit.Assert.assertTrue(Assert.java:41)
	at pt.up.fe.comp.CpUtils.assertTrue(CpUtils.java:196)
	at pt.up.fe.comp.cpf.Cpf3_Ollir.section4_Arrays_VarargsAndArrayInit(Cpf3_Ollir.java:283)
	at java.base/jdk.internal.reflect.DirectMethodHandleAccessor.invoke(DirectMethodHandleAccessor.java:104)
	at java.base/java.lang.reflect.Method.invoke(Method.java:578)
	at org.junit.runners.model.FrameworkMethod$1.runReflectiveCall(FrameworkMethod.java:47)
	at org.junit.internal.runners.model.ReflectiveCallable.run(ReflectiveCallable.java:12)
	at org.junit.runners.model.FrameworkMethod.invokeExplosively(FrameworkMethod.java:44)
	at org.junit.internal.runners.statements.InvokeMethod.evaluate(InvokeMethod.java:17)
	at org.junit.runners.ParentRunner.runLeaf(ParentRunner.java:271)
	at org.junit.runners.BlockJUnit4ClassRunner.runChild(BlockJUnit4ClassRunner.java:70)
	at org.junit.runners.BlockJUnit4ClassRunner.runChild(BlockJUnit4ClassRunner.java:50)
	at org.junit.runners.ParentRunner$3.run(ParentRunner.java:238)
	at org.junit.runners.ParentRunner$1.schedule(ParentRunner.java:63)
	at org.junit.runners.ParentRunner.runChildren(ParentRunner.java:236)
	at org.junit.runners.ParentRunner.access$000(ParentRunner.java:53)
	at org.junit.runners.ParentRunner$2.evaluate(ParentRunner.java:229)
	at org.junit.runners.ParentRunner.run(ParentRunner.java:309)
	at org.gradle.api.internal.tasks.testing.junit.JUnitTestClassExecutor.runTestClass(JUnitTestClassExecutor.java:112)
	at org.gradle.api.internal.tasks.testing.junit.JUnitTestClassExecutor.execute(JUnitTestClassExecutor.java:58)
	at org.gradle.api.internal.tasks.testing.junit.JUnitTestClassExecutor.execute(JUnitTestClassExecutor.java:40)
	at org.gradle.api.internal.tasks.testing.junit.AbstractJUnitTestClassProcessor.processTestClass(AbstractJUnitTestClassProcessor.java:60)
	at org.gradle.api.internal.tasks.testing.SuiteTestClassProcessor.processTestClass(SuiteTestClassProcessor.java:52)
	at java.base/jdk.internal.reflect.DirectMethodHandleAccessor.invoke(DirectMethodHandleAccessor.java:104)
	at java.base/java.lang.reflect.Method.invoke(Method.java:578)
	at org.gradle.internal.dispatch.ReflectionDispatch.dispatch(ReflectionDispatch.java:36)
	at org.gradle.internal.dispatch.ReflectionDispatch.dispatch(ReflectionDispatch.java:24)
	at org.gradle.internal.dispatch.ContextClassLoaderDispatch.dispatch(ContextClassLoaderDispatch.java:33)
	at org.gradle.internal.dispatch.ProxyDispatchAdapter$DispatchingInvocationHandler.invoke(ProxyDispatchAdapter.java:94)
	at jdk.proxy1/jdk.proxy1.$Proxy2.processTestClass(Unknown Source)
	at org.gradle.api.internal.tasks.testing.worker.TestWorker$2.run(TestWorker.java:176)
	at org.gradle.api.internal.tasks.testing.worker.TestWorker.executeAndMaintainThreadName(TestWorker.java:129)
	at org.gradle.api.internal.tasks.testing.worker.TestWorker.execute(TestWorker.java:100)
	at org.gradle.api.internal.tasks.testing.worker.TestWorker.execute(TestWorker.java:60)
	at org.gradle.process.internal.worker.child.ActionExecutionWorker.execute(ActionExecutionWorker.java:56)
	at org.gradle.process.internal.worker.child.SystemApplicationClassLoaderWorker.call(SystemApplicationClassLoaderWorker.java:113)
	at org.gradle.process.internal.worker.child.SystemApplicationClassLoaderWorker.call(SystemApplicationClassLoaderWorker.java:65)
	at worker.org.gradle.process.internal.worker.GradleWorkerMain.run(GradleWorkerMain.java:69)
	at worker.org.gradle.process.internal.worker.GradleWorkerMain.main(GradleWorkerMain.java:74)
</failure>
  </testcase>
  <testcase name="section3_ControlFlow_If_Else_In_Main" classname="pt.up.fe.comp.cpf.Cpf3_Ollir" time="0.011"/>
  <testcase name="section3_ControlFlow_If_Simple_Single_goto" classname="pt.up.fe.comp.cpf.Cpf3_Ollir" time="0.013"/>
  <testcase name="section3_ControlFlow_If_Switch" classname="pt.up.fe.comp.cpf.Cpf3_Ollir" time="0.016"/>
  <testcase name="section4_Arrays_Array_Initialization" classname="pt.up.fe.comp.cpf.Cpf3_Ollir" time="0.014"/>
  <testcase name="section2_Arithmetic_Simple_and" classname="pt.up.fe.comp.cpf.Cpf3_Ollir" time="0.025"/>
  <testcase name="section4_Arrays_New_Array" classname="pt.up.fe.comp.cpf.Cpf3_Ollir" time="0.011"/>
  <testcase name="section4_Arrays_Varargs" classname="pt.up.fe.comp.cpf.Cpf3_Ollir" time="0.02">
    <failure message="java.lang.AssertionError: Expected a single argument in call to 'foo'&#10;&#10;OLLIR code:&#10;import io;&#10;ArrayVarargs extends Object {&#10;&#10;&#10;&#10;.method public static main(args.array.String).V {&#10;temp47.ArrayVarargs :=.ArrayVarargs new(ArrayVarargs).ArrayVarargs;&#10;invokespecial(temp47.ArrayVarargs, &quot;&lt;init&gt;&quot;).V;&#10;a.ArrayVarargs :=.ArrayVarargs temp47.ArrayVarargs;&#10;invokevirtual(a.ArrayVarargs, &quot;bar&quot;).i32;&#10;ret.V;&#10;}&#10;&#10;.method foo(a.i32).i32 {&#10;temp48.i32 :=.i32 a.array.i32[0.i32].i32;&#10;ret.i32 temp48.i32;&#10;}&#10;&#10;.method bar().i32 {&#10;temp49.i32 :=.i32 invokevirtual(this.ArrayVarargs, &quot;foo&quot;, 1.i32, 2.i32, 3.i32).i32;&#10;res.i32 :=.i32 temp49.i32;&#10;invokestatic(io, &quot;println&quot;, res.i32).V;&#10;temp50.i32 :=.i32 invokevirtual(this.ArrayVarargs, &quot;foo&quot;, 4.i32).i32;&#10;res.i32 :=.i32 temp50.i32;&#10;invokestatic(io, &quot;println&quot;, res.i32).V;&#10;ret.i32 res.i32;&#10;}&#10;&#10;.construct ArrayVarargs().V {&#10;invokespecial(this, &quot;&lt;init&gt;&quot;).V;&#10;}&#10;}&#10;&#10;&#10;No reports&#10;&#10;" type="java.lang.AssertionError">java.lang.AssertionError: Expected a single argument in call to 'foo'

OLLIR code:
import io;
ArrayVarargs extends Object {



.method public static main(args.array.String).V {
temp47.ArrayVarargs :=.ArrayVarargs new(ArrayVarargs).ArrayVarargs;
invokespecial(temp47.ArrayVarargs, &quot;&lt;init&gt;&quot;).V;
a.ArrayVarargs :=.ArrayVarargs temp47.ArrayVarargs;
invokevirtual(a.ArrayVarargs, &quot;bar&quot;).i32;
ret.V;
}

.method foo(a.i32).i32 {
temp48.i32 :=.i32 a.array.i32[0.i32].i32;
ret.i32 temp48.i32;
}

.method bar().i32 {
temp49.i32 :=.i32 invokevirtual(this.ArrayVarargs, &quot;foo&quot;, 1.i32, 2.i32, 3.i32).i32;
res.i32 :=.i32 temp49.i32;
invokestatic(io, &quot;println&quot;, res.i32).V;
temp50.i32 :=.i32 invokevirtual(this.ArrayVarargs, &quot;foo&quot;, 4.i32).i32;
res.i32 :=.i32 temp50.i32;
invokestatic(io, &quot;println&quot;, res.i32).V;
ret.i32 res.i32;
}

.construct ArrayVarargs().V {
invokespecial(this, &quot;&lt;init&gt;&quot;).V;
}
}


No reports


	at org.junit.Assert.fail(Assert.java:88)
	at org.junit.Assert.assertTrue(Assert.java:41)
	at pt.up.fe.comp.CpUtils.assertTrue(CpUtils.java:196)
	at pt.up.fe.comp.cpf.Cpf3_Ollir.section4_Arrays_Varargs(Cpf3_Ollir.java:225)
	at java.base/jdk.internal.reflect.DirectMethodHandleAccessor.invoke(DirectMethodHandleAccessor.java:104)
	at java.base/java.lang.reflect.Method.invoke(Method.java:578)
	at org.junit.runners.model.FrameworkMethod$1.runReflectiveCall(FrameworkMethod.java:47)
	at org.junit.internal.runners.model.ReflectiveCallable.run(ReflectiveCallable.java:12)
	at org.junit.runners.model.FrameworkMethod.invokeExplosively(FrameworkMethod.java:44)
	at org.junit.internal.runners.statements.InvokeMethod.evaluate(InvokeMethod.java:17)
	at org.junit.runners.ParentRunner.runLeaf(ParentRunner.java:271)
	at org.junit.runners.BlockJUnit4ClassRunner.runChild(BlockJUnit4ClassRunner.java:70)
	at org.junit.runners.BlockJUnit4ClassRunner.runChild(BlockJUnit4ClassRunner.java:50)
	at org.junit.runners.ParentRunner$3.run(ParentRunner.java:238)
	at org.junit.runners.ParentRunner$1.schedule(ParentRunner.java:63)
	at org.junit.runners.ParentRunner.runChildren(ParentRunner.java:236)
	at org.junit.runners.ParentRunner.access$000(ParentRunner.java:53)
	at org.junit.runners.ParentRunner$2.evaluate(ParentRunner.java:229)
	at org.junit.runners.ParentRunner.run(ParentRunner.java:309)
	at org.gradle.api.internal.tasks.testing.junit.JUnitTestClassExecutor.runTestClass(JUnitTestClassExecutor.java:112)
	at org.gradle.api.internal.tasks.testing.junit.JUnitTestClassExecutor.execute(JUnitTestClassExecutor.java:58)
	at org.gradle.api.internal.tasks.testing.junit.JUnitTestClassExecutor.execute(JUnitTestClassExecutor.java:40)
	at org.gradle.api.internal.tasks.testing.junit.AbstractJUnitTestClassProcessor.processTestClass(AbstractJUnitTestClassProcessor.java:60)
	at org.gradle.api.internal.tasks.testing.SuiteTestClassProcessor.processTestClass(SuiteTestClassProcessor.java:52)
	at java.base/jdk.internal.reflect.DirectMethodHandleAccessor.invoke(DirectMethodHandleAccessor.java:104)
	at java.base/java.lang.reflect.Method.invoke(Method.java:578)
	at org.gradle.internal.dispatch.ReflectionDispatch.dispatch(ReflectionDispatch.java:36)
	at org.gradle.internal.dispatch.ReflectionDispatch.dispatch(ReflectionDispatch.java:24)
	at org.gradle.internal.dispatch.ContextClassLoaderDispatch.dispatch(ContextClassLoaderDispatch.java:33)
	at org.gradle.internal.dispatch.ProxyDispatchAdapter$DispatchingInvocationHandler.invoke(ProxyDispatchAdapter.java:94)
	at jdk.proxy1/jdk.proxy1.$Proxy2.processTestClass(Unknown Source)
	at org.gradle.api.internal.tasks.testing.worker.TestWorker$2.run(TestWorker.java:176)
	at org.gradle.api.internal.tasks.testing.worker.TestWorker.executeAndMaintainThreadName(TestWorker.java:129)
	at org.gradle.api.internal.tasks.testing.worker.TestWorker.execute(TestWorker.java:100)
	at org.gradle.api.internal.tasks.testing.worker.TestWorker.execute(TestWorker.java:60)
	at org.gradle.process.internal.worker.child.ActionExecutionWorker.execute(ActionExecutionWorker.java:56)
	at org.gradle.process.internal.worker.child.SystemApplicationClassLoaderWorker.call(SystemApplicationClassLoaderWorker.java:113)
	at org.gradle.process.internal.worker.child.SystemApplicationClassLoaderWorker.call(SystemApplicationClassLoaderWorker.java:65)
	at worker.org.gradle.process.internal.worker.GradleWorkerMain.run(GradleWorkerMain.java:69)
	at worker.org.gradle.process.internal.worker.GradleWorkerMain.main(GradleWorkerMain.java:74)
</failure>
  </testcase>
  <testcase name="section2_Arithmetic_not" classname="pt.up.fe.comp.cpf.Cpf3_Ollir" time="0.02"/>
  <testcase name="section2_Arithmetic_Simple_less" classname="pt.up.fe.comp.cpf.Cpf3_Ollir" time="0.009"/>
  <testcase name="section1_Basic_Method_Declaration_Array" classname="pt.up.fe.comp.cpf.Cpf3_Ollir" time="0.011"/>
  <testcase name="section4_Arrays_Access_Array" classname="pt.up.fe.comp.cpf.Cpf3_Ollir" time="0.049"/>
  <system-out><![CDATA[]]></system-out>
  <system-err><![CDATA[]]></system-err>
</testsuite>
